[
  {
    "_comment": "Benign: CrowdStrike Falcon sensor reading LSASS — known-good SourceImage, suppressed by lsass_allowlist.csv",
    "sourcetype": "XmlWinEventLog:Microsoft-Windows-Sysmon/Operational",
    "index": "endpoint",
    "EventID": "10",
    "UtcTime": "2026-04-29T08:01:44.221Z",
    "RuleName": "-",
    "SourceProcessId": "2184",
    "SourceThreadId": "2256",
    "SourceImage": "C:\\Program Files\\CrowdStrike\\CSFalconService.exe",
    "TargetProcessId": "672",
    "TargetImage": "C:\\Windows\\System32\\lsass.exe",
    "GrantedAccess": "0x1010",
    "CallTrace": "C:\\Windows\\SYSTEM32\\ntdll.dll+9d414|C:\\Windows\\System32\\KERNELBASE.dll+1e9a8|C:\\Program Files\\CrowdStrike\\CSFalconService.exe+3f2a1",
    "SourceUser": "NT AUTHORITY\\SYSTEM",
    "TargetUser": "NT AUTHORITY\\SYSTEM",
    "ComputerName": "DESKTOP-C4B2A1.corp.local",
    "_note": "Suppressed by lsass_allowlist.csv — CrowdStrike path is a known-good SourceImage"
  },
  {
    "_comment": "Benign: Windows Defender MsMpEng.exe reading LSASS — system AV, always suppress",
    "sourcetype": "XmlWinEventLog:Microsoft-Windows-Sysmon/Operational",
    "index": "endpoint",
    "EventID": "10",
    "UtcTime": "2026-04-29T09:15:03.447Z",
    "RuleName": "-",
    "SourceProcessId": "3120",
    "SourceThreadId": "3204",
    "SourceImage": "C:\\ProgramData\\Microsoft\\Windows Defender\\Platform\\4.18.2304.8-0\\MsMpEng.exe",
    "TargetProcessId": "672",
    "TargetImage": "C:\\Windows\\System32\\lsass.exe",
    "GrantedAccess": "0x1F1FFF",
    "CallTrace": "C:\\Windows\\SYSTEM32\\ntdll.dll+9d414|C:\\Windows\\System32\\KERNELBASE.dll+1e9a8|C:\\ProgramData\\Microsoft\\Windows Defender\\Platform\\4.18.2304.8-0\\MsMpEng.exe+a7c3b",
    "SourceUser": "NT AUTHORITY\\SYSTEM",
    "TargetUser": "NT AUTHORITY\\SYSTEM",
    "ComputerName": "DESKTOP-B3C4D5.corp.local",
    "_note": "Suppressed by lsass_allowlist.csv — MsMpEng.exe path matches Windows Defender pattern"
  },
  {
    "_comment": "Benign: Task Manager PROCESS_QUERY_INFORMATION only (0x0400) — cannot read memory, no credential access possible",
    "sourcetype": "XmlWinEventLog:Microsoft-Windows-Sysmon/Operational",
    "index": "endpoint",
    "EventID": "10",
    "UtcTime": "2026-04-29T10:44:31.882Z",
    "RuleName": "-",
    "SourceProcessId": "9048",
    "SourceThreadId": "9112",
    "SourceImage": "C:\\Windows\\System32\\Taskmgr.exe",
    "TargetProcessId": "672",
    "TargetImage": "C:\\Windows\\System32\\lsass.exe",
    "GrantedAccess": "0x0400",
    "CallTrace": "C:\\Windows\\SYSTEM32\\ntdll.dll+9d414|C:\\Windows\\System32\\KERNELBASE.dll+1e9a8|C:\\Windows\\System32\\Taskmgr.exe+21c4",
    "SourceUser": "CORP\\admin-helpdesk",
    "TargetUser": "NT AUTHORITY\\SYSTEM",
    "ComputerName": "DESKTOP-D4E5F6.corp.local",
    "_note": "GrantedAccess=0x0400 is QUERY_INFORMATION only — no VM_READ bit set, memory read not possible, filtered before scoring"
  }
]
