[
  {
    "_comment": "Malicious: Mimikatz default access mask 0x1010 — SourceImage is mimikatz.exe on disk",
    "sourcetype": "XmlWinEventLog:Microsoft-Windows-Sysmon/Operational",
    "index": "endpoint",
    "EventID": "10",
    "UtcTime": "2026-04-29T03:14:22.881Z",
    "RuleName": "-",
    "SourceProcessId": "4812",
    "SourceThreadId": "4896",
    "SourceImage": "C:\\Users\\jsmith\\AppData\\Local\\Temp\\mimikatz.exe",
    "TargetProcessId": "672",
    "TargetImage": "C:\\Windows\\System32\\lsass.exe",
    "GrantedAccess": "0x1010",
    "CallTrace": "C:\\Windows\\SYSTEM32\\ntdll.dll+9d414|C:\\Windows\\System32\\KERNELBASE.dll+1e9a8|C:\\Users\\jsmith\\AppData\\Local\\Temp\\mimikatz.exe+1234|UNKNOWN",
    "SourceUser": "CORP\\jsmith",
    "TargetUser": "NT AUTHORITY\\SYSTEM",
    "ComputerName": "DESKTOP-C4B2A1.corp.local"
  },
  {
    "_comment": "Malicious: ProcDump full access 0x1F1FFF — LOFT technique, signed binary, unusual parent (cmd from phishing macro)",
    "sourcetype": "XmlWinEventLog:Microsoft-Windows-Sysmon/Operational",
    "index": "endpoint",
    "EventID": "10",
    "UtcTime": "2026-04-29T04:07:51.113Z",
    "RuleName": "-",
    "SourceProcessId": "6240",
    "SourceThreadId": "6312",
    "SourceImage": "C:\\Windows\\Temp\\pd.exe",
    "TargetProcessId": "672",
    "TargetImage": "C:\\Windows\\System32\\lsass.exe",
    "GrantedAccess": "0x1f1fff",
    "CallTrace": "C:\\Windows\\SYSTEM32\\ntdll.dll+9d414|C:\\Windows\\System32\\KERNELBASE.dll+1e9a8|C:\\Windows\\Temp\\pd.exe+8b21|C:\\Windows\\Temp\\pd.exe+1a4c",
    "SourceUser": "NT AUTHORITY\\SYSTEM",
    "TargetUser": "NT AUTHORITY\\SYSTEM",
    "ComputerName": "SRV-FILE01.corp.local"
  },
  {
    "_comment": "Malicious: rundll32 comsvcs.dll MiniDump — fileless LSASS dump technique, CallTrace has UNKNOWN module (injected)",
    "sourcetype": "XmlWinEventLog:Microsoft-Windows-Sysmon/Operational",
    "index": "endpoint",
    "EventID": "10",
    "UtcTime": "2026-04-29T05:33:08.772Z",
    "RuleName": "-",
    "SourceProcessId": "7104",
    "SourceThreadId": "7188",
    "SourceImage": "C:\\Windows\\System32\\rundll32.exe",
    "TargetProcessId": "672",
    "TargetImage": "C:\\Windows\\System32\\lsass.exe",
    "GrantedAccess": "0x1f1fff",
    "CallTrace": "C:\\Windows\\SYSTEM32\\ntdll.dll+9d414|C:\\Windows\\System32\\KERNELBASE.dll+1e9a8|7FFE90AB1234|UNKNOWN",
    "SourceUser": "NT AUTHORITY\\SYSTEM",
    "TargetUser": "NT AUTHORITY\\SYSTEM",
    "ComputerName": "DESKTOP-A1B2C3.corp.local"
  }
]
