[
  {
    "_comment": "Malicious: CommandLineEventConsumer with encoded PowerShell — APT29-style persistence post-compromise",
    "sourcetype": "XmlWinEventLog:Microsoft-Windows-Sysmon/Operational",
    "index": "endpoint",
    "EventID": "20",
    "UtcTime": "2026-05-01T02:14:33.442Z",
    "RuleName": "-",
    "EventType": "WmiEventConsumer",
    "Operation": "Created",
    "User": "NT AUTHORITY\\SYSTEM",
    "Name": "WindowsUpdateCheck",
    "Type": "CommandLineEventConsumer",
    "Destination": "C:\\Windows\\System32\\WindowsPowerShell\\v1.0\\powershell.exe -nop -w hidden -enc JABzAD0ATgBlAHcALQBPAGIAagBlAGMAdAAgAEkATwAuAE0AZQBtAG8AcgB5AFMAdAByAGUAYQBtACgALABbAEMAbwBuAHYAZQByAHQAXQA6ADoARgByAG8AbQBCAGEAcwBlADYANABTAHQAcgBpAG4AZwA=",
    "ComputerName": "DESKTOP-C4B2A1.corp.local",
    "_note": "EventID=20 CommandLineEventConsumer with base64-encoded PowerShell. has_encode=true, has_b64=true, risk_score=95, confidence=HIGH"
  },
  {
    "_comment": "Malicious: CommandLineEventConsumer — LOLBin (cmd.exe) + temp path — ransomware affiliate beacon persistence pattern",
    "sourcetype": "XmlWinEventLog:Microsoft-Windows-Sysmon/Operational",
    "index": "endpoint",
    "EventID": "20",
    "UtcTime": "2026-05-01T03:51:07.881Z",
    "RuleName": "-",
    "EventType": "WmiEventConsumer",
    "Operation": "Created",
    "User": "NT AUTHORITY\\SYSTEM",
    "Name": "SystemPerformanceMonitor",
    "Type": "CommandLineEventConsumer",
    "Destination": "C:\\Windows\\System32\\cmd.exe /c C:\\ProgramData\\svchost.exe -c C:\\ProgramData\\config.dat",
    "ComputerName": "SRV-DC01.corp.local",
    "_note": "EventID=20 CommandLineEventConsumer pointing to dropper in ProgramData. has_lolbin=true, has_suspect_path=true, risk_score=90, confidence=HIGH"
  },
  {
    "_comment": "Malicious: ActiveScriptEventConsumer with VBScript — classic WMI persistence script; mshta or WScript variant common in APT41 tooling",
    "sourcetype": "XmlWinEventLog:Microsoft-Windows-Sysmon/Operational",
    "index": "endpoint",
    "EventID": "20",
    "UtcTime": "2026-05-01T04:22:19.115Z",
    "RuleName": "-",
    "EventType": "WmiEventConsumer",
    "Operation": "Created",
    "User": "CORP\\svc-backup",
    "Name": "BITSJobHelper",
    "Type": "ActiveScriptEventConsumer",
    "Destination": "Set objShell = CreateObject(\"WScript.Shell\")\nobjShell.Run \"mshta.exe vbscript:Execute(\"\"CreateObject(\"\"WScript.Shell\"\").Run Chr(99)&Chr(109)&Chr(100),0,True\"\")\", 0, True",
    "ComputerName": "SRV-WEB02.corp.local",
    "_note": "EventID=20 ActiveScriptEventConsumer with VBScript launching mshta. has_lolbin=true, risk_score=75, confidence=MEDIUM. Service account User is additionally suspicious."
  },
  {
    "_comment": "Malicious: FilterToConsumerBinding (Event 21) following consumer creation — binding activation, correlates with above consumer events",
    "sourcetype": "XmlWinEventLog:Microsoft-Windows-Sysmon/Operational",
    "index": "endpoint",
    "EventID": "21",
    "UtcTime": "2026-05-01T02:14:33.891Z",
    "RuleName": "-",
    "EventType": "WmiEventConsumerToFilter",
    "Operation": "Created",
    "User": "NT AUTHORITY\\SYSTEM",
    "Consumer": "CommandLineEventConsumer.Name=\"WindowsUpdateCheck\"",
    "Filter": "__EventFilter.Name=\"WindowsUpdateFilter\"",
    "ComputerName": "DESKTOP-C4B2A1.corp.local",
    "_note": "EventID=21 binding follows Event 20 consumer creation 449ms later on same host. Correlate with Event 20 to confirm persistence is fully activated."
  }
]
